<?xml version="1.0" encoding="UTF-8"?>
<!-- Generated by org.testng.reporters.JUnitXMLReporter -->
<testsuite hostname="Mano" ignored="2" name="Default test(failed)" tests="1" failures="1" timestamp="04 May 2020 13:22:38 GMT" time="0.131" errors="0">
  <testcase name="test2" time="0.043" classname="org.testng.Run">
    <failure type="java.lang.AssertionError" message="expected [true] but found [false]">
      <![CDATA[java.lang.AssertionError: expected [true] but found [false]
... Removed 30 stack frames]]>
    </failure>
  </testcase> <!-- test2 -->
  <testcase name="test1" time="0.0" classname="org.testng.Run">
    <ignored/>
  </testcase> <!-- test1 -->
  <testcase name="test3" time="0.0" classname="org.testng.Run">
    <ignored/>
  </testcase> <!-- test3 -->
</testsuite> <!-- Default test(failed) -->
