<?xml version="1.0" encoding="UTF-8"?>
<!-- Generated by org.testng.reporters.JUnitXMLReporter -->
<testsuite hostname="Mano" ignored="4" name="Test" tests="5" failures="0" timestamp="12 May 2020 04:37:20 GMT" time="0.225" errors="0">
  <testcase name="test12" time="0.037" classname="org.testng.Company"/>
  <testcase name="test32" time="0.007" classname="org.testng.Company"/>
  <testcase name="test52" time="0.003" classname="org.testng.Company"/>
  <testcase name="test62" time="0.008" classname="org.testng.Company"/>
  <testcase name="test32" time="0.018" classname="org.testng.C"/>
  <testcase name="test72" time="0.0" classname="org.testng.Company">
    <ignored/>
  </testcase> <!-- test72 -->
  <testcase name="test33" time="0.0" classname="org.testng.C">
    <ignored/>
  </testcase> <!-- test33 -->
  <testcase name="test31" time="0.0" classname="org.testng.C">
    <ignored/>
  </testcase> <!-- test31 -->
  <testcase name="test22" time="0.0" classname="org.testng.Company">
    <ignored/>
  </testcase> <!-- test22 -->
</testsuite> <!-- Test -->
